生成启动时间为 2020/4/19 22:18:36。
     1>项目“D:\code\promising\DocQuickSearchTool\DocQuickSearchTool\DocQuickSearchTool.vcxproj”在节点 2 上(Build 个目标)。
     1>ClCompile:
         D:\比特\VC\bin\CL.exe /c /ZI /nologo /W3 /WX- /sdl /Od /Oy- /D _CRT_SECURE_NO_WARNINGS /D _MBCS /Gm /EHsc /RTC1 /MDd /GS /fp:precise /Zc:wchar_t /Zc:forScope /Fo"Debug\\" /Fd"Debug\vc120.pdb" /Gd /TP /analyze- /errorReport:prompt DataManager.cpp DocQuickSearchTool.cpp ScanManager.cpp SysTool.cpp
         SysTool.cpp
         ScanManager.cpp
     1>d:\code\promising\docquicksearchtool\docquicksearchtool\scanmanager.cpp(54): warning C4018: “<”: 有符号/无符号不匹配
         DocQuickSearchTool.cpp
         DataManager.cpp
         正在生成代码...
       Link:
         D:\比特\VC\bin\link.exe /ERRORREPORT:PROMPT /OUT:"D:\code\promising\DocQuickSearchTool\Debug\DocQuickSearchTool.exe" /INCREMENTAL /NOLOGO kernel32.lib user32.lib gdi32.lib winspool.lib comdlg32.lib advapi32.lib shell32.lib ole32.lib oleaut32.lib uuid.lib odbc32.lib odbccp32.lib /MANIFEST /MANIFESTUAC:"level='asInvoker' uiAccess='false'" /manifest:embed /DEBUG /PDB:"D:\code\promising\DocQuickSearchTool\Debug\DocQuickSearchTool.pdb" /SUBSYSTEM:CONSOLE /TLBID:1 /DYNAMICBASE /NXCOMPAT /IMPLIB:"D:\code\promising\DocQuickSearchTool\Debug\DocQuickSearchTool.lib" /MACHINE:X86 Debug\DataManager.obj
         Debug\DocQuickSearchTool.obj
         Debug\ScanManager.obj
         Debug\SysTool.obj
     1>sqlite3.lib(sqlite3.obj) : warning LNK4099: 未找到 PDB“vc120.pdb”(使用“sqlite3.lib(sqlite3.obj)”或在“D:\code\promising\DocQuickSearchTool\Debug\vc120.pdb”中寻找)；正在链接对象，如同没有调试信息一样
         DocQuickSearchTool.vcxproj -> D:\code\promising\DocQuickSearchTool\Debug\DocQuickSearchTool.exe
     1>已完成生成项目“D:\code\promising\DocQuickSearchTool\DocQuickSearchTool\DocQuickSearchTool.vcxproj”(Build 个目标)的操作。

生成成功。

已用时间 00:00:02.39
