生成启动时间为 2019/12/10 18:16:51。
     1>项目“F:\code\promising\bintree\bintree\bintree.vcxproj”在节点 2 上(Build 个目标)。
     1>ClCompile:
         F:\c\VC\bin\CL.exe /c /ZI /nologo /W3 /WX- /sdl /Od /Oy- /D _MBCS /Gm /EHsc /RTC1 /MDd /GS /fp:precise /Zc:wchar_t /Zc:forScope /Fo"Debug\\" /Fd"Debug\vc120.pdb" /Gd /TC /analyze- /errorReport:prompt bst.c heap.c test.c
         test.c
         heap.c
     1>f:\code\promising\bintree\bintree\heap.h(14): error C2016: C 要求一个结构或联合至少有一个成员
     1>f:\code\promising\bintree\bintree\heap.h(14): error C2061: 语法错误: 标识符“DataType”
     1>f:\code\promising\bintree\bintree\heap.h(17): error C2059: 语法错误:“}”
     1>f:\code\promising\bintree\bintree\heap.h(21): error C2143: 语法错误 : 缺少“)”(在“*”的前面)
     1>f:\code\promising\bintree\bintree\heap.h(21): error C2143: 语法错误 : 缺少“{”(在“*”的前面)
     1>f:\code\promising\bintree\bintree\heap.h(21): error C2059: 语法错误:“类型”
     1>f:\code\promising\bintree\bintree\heap.h(21): error C2059: 语法错误:“)”
     1>f:\code\promising\bintree\bintree\heap.h(22): error C2143: 语法错误 : 缺少“)”(在“*”的前面)
     1>f:\code\promising\bintree\bintree\heap.h(22): error C2143: 语法错误 : 缺少“{”(在“*”的前面)
     1>f:\code\promising\bintree\bintree\heap.h(22): error C2146: 语法错误: 缺少“;”(在标识符“x”的前面)
     1>f:\code\promising\bintree\bintree\heap.h(22): error C2059: 语法错误:“)”
     1>f:\code\promising\bintree\bintree\heap.h(23): error C2143: 语法错误 : 缺少“)”(在“*”的前面)
     1>f:\code\promising\bintree\bintree\heap.h(23): error C2143: 语法错误 : 缺少“{”(在“*”的前面)
     1>f:\code\promising\bintree\bintree\heap.h(23): error C2059: 语法错误:“)”
     1>f:\code\promising\bintree\bintree\heap.h(24): error C2061: 语法错误: 标识符“HeapTop”
     1>f:\code\promising\bintree\bintree\heap.h(24): error C2059: 语法错误:“;”
     1>f:\code\promising\bintree\bintree\heap.h(24): error C2143: 语法错误 : 缺少“)”(在“*”的前面)
     1>f:\code\promising\bintree\bintree\heap.h(24): error C2143: 语法错误 : 缺少“{”(在“*”的前面)
     1>f:\code\promising\bintree\bintree\heap.h(24): error C2059: 语法错误:“)”
     1>f:\code\promising\bintree\bintree\heap.h(25): error C2143: 语法错误 : 缺少“)”(在“*”的前面)
     1>f:\code\promising\bintree\bintree\heap.h(25): error C2143: 语法错误 : 缺少“{”(在“*”的前面)
     1>f:\code\promising\bintree\bintree\heap.h(25): error C2059: 语法错误:“)”
     1>f:\code\promising\bintree\bintree\heap.h(26): error C2143: 语法错误 : 缺少“)”(在“*”的前面)
     1>f:\code\promising\bintree\bintree\heap.h(26): error C2143: 语法错误 : 缺少“{”(在“*”的前面)
     1>f:\code\promising\bintree\bintree\heap.h(26): error C2059: 语法错误:“)”
     1>f:\code\promising\bintree\bintree\heap.c(4): error C2143: 语法错误 : 缺少“)”(在“*”的前面)
     1>f:\code\promising\bintree\bintree\heap.c(4): error C2143: 语法错误 : 缺少“{”(在“*”的前面)
     1>f:\code\promising\bintree\bintree\heap.c(4): error C2143: 语法错误 : 缺少“;”(在“*”的前面)
     1>f:\code\promising\bintree\bintree\heap.c(4): error C2059: 语法错误:“)”
     1>f:\code\promising\bintree\bintree\heap.c(5): error C2054: 在“b”之后应输入“(”
     1>f:\code\promising\bintree\bintree\heap.c(10): error C2143: 语法错误 : 缺少“)”(在“*”的前面)
     1>f:\code\promising\bintree\bintree\heap.c(10): error C2143: 语法错误 : 缺少“{”(在“*”的前面)
     1>f:\code\promising\bintree\bintree\heap.c(10): error C2059: 语法错误:“)”
     1>f:\code\promising\bintree\bintree\heap.c(11): error C2054: 在“php”之后应输入“(”
     1>f:\code\promising\bintree\bintree\heap.c(14): error C2143: 语法错误 : 缺少“)”(在“*”的前面)
     1>f:\code\promising\bintree\bintree\heap.c(14): error C2143: 语法错误 : 缺少“{”(在“*”的前面)
     1>f:\code\promising\bintree\bintree\heap.c(14): error C2059: 语法错误:“)”
     1>f:\code\promising\bintree\bintree\heap.c(15): error C2054: 在“php”之后应输入“(”
     1>f:\code\promising\bintree\bintree\heap.c(19): error C2143: 语法错误 : 缺少“)”(在“*”的前面)
     1>f:\code\promising\bintree\bintree\heap.c(19): error C2143: 语法错误 : 缺少“{”(在“*”的前面)
     1>f:\code\promising\bintree\bintree\heap.c(19): error C2059: 语法错误:“类型”
     1>f:\code\promising\bintree\bintree\heap.c(19): error C2059: 语法错误:“)”
     1>f:\code\promising\bintree\bintree\heap.c(27): error C2143: 语法错误 : 缺少“)”(在“*”的前面)
     1>f:\code\promising\bintree\bintree\heap.c(27): error C2143: 语法错误 : 缺少“{”(在“*”的前面)
     1>f:\code\promising\bintree\bintree\heap.c(27): error C2059: 语法错误:“类型”
     1>f:\code\promising\bintree\bintree\heap.c(27): error C2059: 语法错误:“)”
     1>f:\code\promising\bintree\bintree\heap.c(43): error C2143: 语法错误 : 缺少“)”(在“*”的前面)
     1>f:\code\promising\bintree\bintree\heap.c(43): error C2143: 语法错误 : 缺少“{”(在“*”的前面)
     1>f:\code\promising\bintree\bintree\heap.c(43): error C2146: 语法错误: 缺少“;”(在标识符“x”的前面)
     1>f:\code\promising\bintree\bintree\heap.c(43): error C2059: 语法错误:“)”
     1>f:\code\promising\bintree\bintree\heap.c(44): error C2054: 在“x”之后应输入“(”
     1>f:\code\promising\bintree\bintree\heap.c(57): error C2143: 语法错误 : 缺少“)”(在“*”的前面)
     1>f:\code\promising\bintree\bintree\heap.c(57): error C2143: 语法错误 : 缺少“{”(在“*”的前面)
     1>f:\code\promising\bintree\bintree\heap.c(57): error C2059: 语法错误:“)”
     1>f:\code\promising\bintree\bintree\heap.c(58): error C2054: 在“php”之后应输入“(”
     1>f:\code\promising\bintree\bintree\heap.c(75): error C2143: 语法错误 : 缺少“)”(在“*”的前面)
     1>f:\code\promising\bintree\bintree\heap.c(75): error C2143: 语法错误 : 缺少“{”(在“*”的前面)
     1>f:\code\promising\bintree\bintree\heap.c(75): error C2059: 语法错误:“)”
     1>f:\code\promising\bintree\bintree\heap.c(76): error C2054: 在“php”之后应输入“(”
     1>f:\code\promising\bintree\bintree\heap.c(88): error C2061: 语法错误: 标识符“HeapTop”
     1>f:\code\promising\bintree\bintree\heap.c(88): error C2059: 语法错误:“;”
     1>f:\code\promising\bintree\bintree\heap.c(88): error C2143: 语法错误 : 缺少“)”(在“*”的前面)
     1>f:\code\promising\bintree\bintree\heap.c(88): error C2143: 语法错误 : 缺少“{”(在“*”的前面)
     1>f:\code\promising\bintree\bintree\heap.c(88): error C2059: 语法错误:“)”
     1>f:\code\promising\bintree\bintree\heap.c(89): error C2054: 在“php”之后应输入“(”
     1>f:\code\promising\bintree\bintree\heap.c(94): error C2143: 语法错误 : 缺少“)”(在“*”的前面)
     1>f:\code\promising\bintree\bintree\heap.c(94): error C2143: 语法错误 : 缺少“{”(在“*”的前面)
     1>f:\code\promising\bintree\bintree\heap.c(94): error C2059: 语法错误:“)”
     1>f:\code\promising\bintree\bintree\heap.c(95): error C2054: 在“php”之后应输入“(”
     1>f:\code\promising\bintree\bintree\heap.c(104): error C2143: 语法错误 : 缺少“)”(在“*”的前面)
     1>f:\code\promising\bintree\bintree\heap.c(104): error C2143: 语法错误 : 缺少“{”(在“*”的前面)
     1>f:\code\promising\bintree\bintree\heap.c(104): error C2059: 语法错误:“)”
     1>f:\code\promising\bintree\bintree\heap.c(105): error C2054: 在“php”之后应输入“(”
         bst.c
     1>f:\code\promising\bintree\bintree\heap.h(14): error C2016: C 要求一个结构或联合至少有一个成员
     1>f:\code\promising\bintree\bintree\heap.h(14): error C2061: 语法错误: 标识符“DataType”
     1>f:\code\promising\bintree\bintree\heap.h(17): error C2059: 语法错误:“}”
     1>f:\code\promising\bintree\bintree\heap.h(21): error C2143: 语法错误 : 缺少“)”(在“*”的前面)
     1>f:\code\promising\bintree\bintree\heap.h(21): error C2143: 语法错误 : 缺少“{”(在“*”的前面)
     1>f:\code\promising\bintree\bintree\heap.h(21): error C2059: 语法错误:“类型”
     1>f:\code\promising\bintree\bintree\heap.h(21): error C2059: 语法错误:“)”
     1>f:\code\promising\bintree\bintree\heap.h(22): error C2143: 语法错误 : 缺少“)”(在“*”的前面)
     1>f:\code\promising\bintree\bintree\heap.h(22): error C2143: 语法错误 : 缺少“{”(在“*”的前面)
     1>f:\code\promising\bintree\bintree\heap.h(22): error C2146: 语法错误: 缺少“;”(在标识符“x”的前面)
     1>f:\code\promising\bintree\bintree\heap.h(22): error C2059: 语法错误:“)”
     1>f:\code\promising\bintree\bintree\heap.h(23): error C2143: 语法错误 : 缺少“)”(在“*”的前面)
     1>f:\code\promising\bintree\bintree\heap.h(23): error C2143: 语法错误 : 缺少“{”(在“*”的前面)
     1>f:\code\promising\bintree\bintree\heap.h(23): error C2059: 语法错误:“)”
     1>f:\code\promising\bintree\bintree\heap.h(24): error C2061: 语法错误: 标识符“HeapTop”
     1>f:\code\promising\bintree\bintree\heap.h(24): error C2059: 语法错误:“;”
     1>f:\code\promising\bintree\bintree\heap.h(24): error C2143: 语法错误 : 缺少“)”(在“*”的前面)
     1>f:\code\promising\bintree\bintree\heap.h(24): error C2143: 语法错误 : 缺少“{”(在“*”的前面)
     1>f:\code\promising\bintree\bintree\heap.h(24): error C2059: 语法错误:“)”
     1>f:\code\promising\bintree\bintree\heap.h(25): error C2143: 语法错误 : 缺少“)”(在“*”的前面)
     1>f:\code\promising\bintree\bintree\heap.h(25): error C2143: 语法错误 : 缺少“{”(在“*”的前面)
     1>f:\code\promising\bintree\bintree\heap.h(25): error C2059: 语法错误:“)”
     1>f:\code\promising\bintree\bintree\heap.h(26): error C2143: 语法错误 : 缺少“)”(在“*”的前面)
     1>f:\code\promising\bintree\bintree\heap.h(26): error C2143: 语法错误 : 缺少“{”(在“*”的前面)
     1>f:\code\promising\bintree\bintree\heap.h(26): error C2059: 语法错误:“)”
     1>f:\code\promising\bintree\bintree\bst.h(13): error C2016: C 要求一个结构或联合至少有一个成员
     1>f:\code\promising\bintree\bintree\bst.h(13): error C2061: 语法错误: 标识符“DataType”
     1>f:\code\promising\bintree\bintree\bst.h(16): error C2059: 语法错误:“}”
     1>f:\code\promising\bintree\bintree\bst.h(19): error C2143: 语法错误 : 缺少“{”(在“*”的前面)
     1>f:\code\promising\bintree\bintree\bst.h(22): error C2143: 语法错误 : 缺少“)”(在“*”的前面)
     1>f:\code\promising\bintree\bintree\bst.h(22): error C2143: 语法错误 : 缺少“{”(在“*”的前面)
     1>f:\code\promising\bintree\bintree\bst.h(22): error C2059: 语法错误:“)”
     1>f:\code\promising\bintree\bintree\bst.h(23): error C2143: 语法错误 : 缺少“)”(在“*”的前面)
     1>f:\code\promising\bintree\bintree\bst.h(23): error C2143: 语法错误 : 缺少“{”(在“*”的前面)
     1>f:\code\promising\bintree\bintree\bst.h(23): error C2146: 语法错误: 缺少“;”(在标识符“x”的前面)
     1>f:\code\promising\bintree\bintree\bst.h(23): error C2059: 语法错误:“)”
     1>f:\code\promising\bintree\bintree\bst.h(24): error C2143: 语法错误 : 缺少“)”(在“*”的前面)
     1>f:\code\promising\bintree\bintree\bst.h(24): error C2143: 语法错误 : 缺少“{”(在“*”的前面)
     1>f:\code\promising\bintree\bintree\bst.h(24): error C2146: 语法错误: 缺少“;”(在标识符“x”的前面)
     1>f:\code\promising\bintree\bintree\bst.h(24): error C2059: 语法错误:“)”
     1>f:\code\promising\bintree\bintree\bst.h(25): error C2146: 语法错误: 缺少“)”(在标识符“t”的前面)
     1>f:\code\promising\bintree\bintree\bst.h(25): error C2061: 语法错误: 标识符“t”
     1>f:\code\promising\bintree\bintree\bst.h(25): error C2059: 语法错误:“;”
     1>f:\code\promising\bintree\bintree\bst.h(25): error C2059: 语法错误:“,”
     1>f:\code\promising\bintree\bintree\bst.h(25): error C2059: 语法错误:“)”
     1>f:\code\promising\bintree\bintree\bst.h(26): error C2061: 语法错误: 标识符“Max”
     1>f:\code\promising\bintree\bintree\bst.h(26): error C2059: 语法错误:“;”
     1>f:\code\promising\bintree\bintree\bst.h(26): error C2146: 语法错误: 缺少“)”(在标识符“t”的前面)
     1>f:\code\promising\bintree\bintree\bst.h(26): error C2061: 语法错误: 标识符“t”
     1>f:\code\promising\bintree\bintree\bst.h(26): error C2059: 语法错误:“)”
     1>f:\code\promising\bintree\bintree\bst.h(27): error C2061: 语法错误: 标识符“Min”
     1>f:\code\promising\bintree\bintree\bst.h(27): error C2059: 语法错误:“;”
     1>f:\code\promising\bintree\bintree\bst.h(27): error C2146: 语法错误: 缺少“)”(在标识符“t”的前面)
     1>f:\code\promising\bintree\bintree\bst.h(27): error C2061: 语法错误: 标识符“t”
     1>f:\code\promising\bintree\bintree\bst.h(27): error C2059: 语法错误:“)”
     1>f:\code\promising\bintree\bintree\bst.c(3): error C2143: 语法错误 : 缺少“)”(在“*”的前面)
     1>f:\code\promising\bintree\bintree\bst.c(3): error C2143: 语法错误 : 缺少“{”(在“*”的前面)
     1>f:\code\promising\bintree\bintree\bst.c(3): error C2059: 语法错误:“)”
     1>f:\code\promising\bintree\bintree\bst.c(4): error C2054: 在“t”之后应输入“(”
     1>f:\code\promising\bintree\bintree\bst.c(8): error C2143: 语法错误 : 缺少“)”(在“*”的前面)
     1>f:\code\promising\bintree\bintree\bst.c(8): error C2143: 语法错误 : 缺少“{”(在“*”的前面)
     1>f:\code\promising\bintree\bintree\bst.c(8): error C2146: 语法错误: 缺少“;”(在标识符“x”的前面)
     1>f:\code\promising\bintree\bintree\bst.c(8): error C2059: 语法错误:“)”
     1>f:\code\promising\bintree\bintree\bst.c(9): error C2054: 在“x”之后应输入“(”
     1>f:\code\promising\bintree\bintree\bst.c(26): error C2143: 语法错误 : 缺少“)”(在“*”的前面)
     1>f:\code\promising\bintree\bintree\bst.c(26): error C2143: 语法错误 : 缺少“{”(在“*”的前面)
     1>f:\code\promising\bintree\bintree\bst.c(26): error C2146: 语法错误: 缺少“;”(在标识符“x”的前面)
     1>f:\code\promising\bintree\bintree\bst.c(26): error C2059: 语法错误:“)”
     1>f:\code\promising\bintree\bintree\bst.c(27): error C2054: 在“x”之后应输入“(”
     1>f:\code\promising\bintree\bintree\bst.c(61): error C2146: 语法错误: 缺少“)”(在标识符“t”的前面)
     1>f:\code\promising\bintree\bintree\bst.c(61): error C2061: 语法错误: 标识符“t”
     1>f:\code\promising\bintree\bintree\bst.c(61): error C2059: 语法错误:“;”
     1>f:\code\promising\bintree\bintree\bst.c(61): error C2059: 语法错误:“,”
     1>f:\code\promising\bintree\bintree\bst.c(61): error C2059: 语法错误:“)”
     1>f:\code\promising\bintree\bintree\bst.c(71): error C2061: 语法错误: 标识符“Max”
     1>f:\code\promising\bintree\bintree\bst.c(71): error C2059: 语法错误:“;”
     1>f:\code\promising\bintree\bintree\bst.c(71): error C2146: 语法错误: 缺少“)”(在标识符“t”的前面)
     1>f:\code\promising\bintree\bintree\bst.c(71): error C2061: 语法错误: 标识符“t”
     1>f:\code\promising\bintree\bintree\bst.c(71): error C2059: 语法错误:“)”
     1>f:\code\promising\bintree\bintree\bst.c(72): error C2449: 在文件范围内找到“{”(是否缺少函数头?)
     1>f:\code\promising\bintree\bintree\bst.c(77): error C2059: 语法错误:“}”
         正在生成代码...
     1>已完成生成项目“F:\code\promising\bintree\bintree\bintree.vcxproj”(Build 个目标)的操作 - 失败。

生成失败。

已用时间 00:00:00.44
